# JRE version: OpenJDK Runtime Environment (21.0.1+12) (build 21.0.1+12-29)
# Java VM: OpenJDK 64-Bit Server VM (21.0.1+12-29, mixed mode, sharing, tiered, compressed oops, compressed class ptrs, g1 gc, windows-amd64)
GC Precious Log:
 CardTable entry size: 512
 Card Set container configuration: InlinePtr #cards 5 size 8 Array Of Cards #cards 12 size 40 Howl #buckets 4 coarsen threshold 1843 Howl Bitmap #cards 512 size 80 coarsen threshold 460 Card regions per heap region 1 cards per card region 2048
 CPUs: 4 total, 4 available
 Memory: 3959M
 Large Page Support: Disabled
 NUMA Support: Disabled
 Compressed Oops: Enabled (32-bit)
 Heap Region Size: 1M
 Heap Min Capacity: 8M
 Heap Initial Capacity: 62M
 Heap Max Capacity: 990M
 Pre-touch: Disabled
 Parallel Workers: 4
 Concurrent Workers: 1
 Concurrent Refinement Workers: 4
 Periodic GC: Disabled
Heap:
 garbage-first heap   total 55296K, used 34880K [0x00000000c2200000, 0x0000000100000000)
  region size 1024K, 18 young (18432K), 4 survivors (4096K)
 Metaspace       used 53722K, committed 54336K, reserved 1114112K
  class space    used 7217K, committed 7488K, reserved 1048576K
GC Heap History (20 events):
Event: 3.146 GC heap before
{Heap before GC invocations=0 (full 0):
 garbage-first heap   total 63488K, used 13312K [0x00000000c2200000, 0x0000000100000000)
  region size 1024K, 13 young (13312K), 0 survivors (0K)
 Metaspace       used 3408K, committed 3584K, reserved 1114112K
  class space    used 322K, committed 384K, reserved 1048576K
}
Event: 3.160 GC heap after
{Heap after GC invocations=1 (full 0):
 garbage-first heap   total 63488K, used 7168K [0x00000000c2200000, 0x0000000100000000)
  region size 1024K, 2 young (2048K), 2 survivors (2048K)
 Metaspace       used 3408K, committed 3584K, reserved 1114112K
  class space    used 322K, committed 384K, reserved 1048576K
}
Event: 4.905 GC heap before
{Heap before GC invocations=1 (full 0):
 garbage-first heap   total 63488K, used 18432K [0x00000000c2200000, 0x0000000100000000)
  region size 1024K, 13 young (13312K), 2 survivors (2048K)
 Metaspace       used 6947K, committed 7168K, reserved 1114112K
  class space    used 785K, committed 896K, reserved 1048576K
}
Event: 4.915 GC heap after
{Heap after GC invocations=2 (full 0):
 garbage-first heap   total 63488K, used 8288K [0x00000000c2200000, 0x0000000100000000)
  region size 1024K, 2 young (2048K), 2 survivors (2048K)
 Metaspace       used 6947K, committed 7168K, reserved 1114112K
  class space    used 785K, committed 896K, reserved 1048576K
}
Event: 6.615 GC heap before
{Heap before GC invocations=2 (full 0):
 garbage-first heap   total 63488K, used 30816K [0x00000000c2200000, 0x0000000100000000)
  region size 1024K, 25 young (25600K), 2 survivors (2048K)
 Metaspace       used 13337K, committed 13696K, reserved 1114112K
  class space    used 1554K, committed 1728K, reserved 1048576K
}
Event: 6.622 GC heap after
{Heap after GC invocations=3 (full 0):
 garbage-first heap   total 63488K, used 10177K [0x00000000c2200000, 0x0000000100000000)
  region size 1024K, 3 young (3072K), 3 survivors (3072K)
 Metaspace       used 13337K, committed 13696K, reserved 1114112K
  class space    used 1554K, committed 1728K, reserved 1048576K
}
Event: 8.987 GC heap before
{Heap before GC invocations=3 (full 0):
 garbage-first heap   total 63488K, used 43969K [0x00000000c2200000, 0x0000000100000000)
  region size 1024K, 37 young (37888K), 3 survivors (3072K)
 Metaspace       used 19239K, committed 19520K, reserved 1114112K
  class space    used 2292K, committed 2432K, reserved 1048576K
}
Event: 9.002 GC heap after
{Heap after GC invocations=4 (full 0):
 garbage-first heap   total 63488K, used 13392K [0x00000000c2200000, 0x0000000100000000)
  region size 1024K, 5 young (5120K), 5 survivors (5120K)
 Metaspace       used 19239K, committed 19520K, reserved 1114112K
  class space    used 2292K, committed 2432K, reserved 1048576K
}
Event: 10.540 GC heap before
{Heap before GC invocations=4 (full 0):
 garbage-first heap   total 63488K, used 25680K [0x00000000c2200000, 0x0000000100000000)
  region size 1024K, 19 young (19456K), 5 survivors (5120K)
 Metaspace       used 21200K, committed 21504K, reserved 1114112K
  class space    used 2532K, committed 2688K, reserved 1048576K
}
Event: 10.559 GC heap after
{Heap after GC invocations=5 (full 0):
 garbage-first heap   total 63488K, used 14437K [0x00000000c2200000, 0x0000000100000000)
  region size 1024K, 2 young (2048K), 2 survivors (2048K)
 Metaspace       used 21200K, committed 21504K, reserved 1114112K
  class space    used 2532K, committed 2688K, reserved 1048576K
}
Event: 14.214 GC heap before
{Heap before GC invocations=6 (full 0):
 garbage-first heap   total 55296K, used 45157K [0x00000000c2200000, 0x0000000100000000)
  region size 1024K, 32 young (32768K), 2 survivors (2048K)
 Metaspace       used 27120K, committed 27520K, reserved 1114112K
  class space    used 3409K, committed 3584K, reserved 1048576K
}
Event: 14.228 GC heap after
{Heap after GC invocations=7 (full 0):
 garbage-first heap   total 55296K, used 17078K [0x00000000c2200000, 0x0000000100000000)
  region size 1024K, 4 young (4096K), 4 survivors (4096K)
 Metaspace       used 27120K, committed 27520K, reserved 1114112K
  class space    used 3409K, committed 3584K, reserved 1048576K
}
Event: 17.049 GC heap before
{Heap before GC invocations=7 (full 0):
 garbage-first heap   total 55296K, used 43702K [0x00000000c2200000, 0x0000000100000000)
  region size 1024K, 30 young (30720K), 4 survivors (4096K)
 Metaspace       used 33319K, committed 33856K, reserved 1114112K
  class space    used 4233K, committed 4480K, reserved 1048576K
}
Event: 17.064 GC heap after
{Heap after GC invocations=8 (full 0):
 garbage-first heap   total 55296K, used 19053K [0x00000000c2200000, 0x0000000100000000)
  region size 1024K, 2 young (2048K), 2 survivors (2048K)
 Metaspace       used 33319K, committed 33856K, reserved 1114112K
  class space    used 4233K, committed 4480K, reserved 1048576K
}
Event: 18.451 GC heap before
{Heap before GC invocations=8 (full 0):
 garbage-first heap   total 55296K, used 26221K [0x00000000c2200000, 0x0000000100000000)
  region size 1024K, 10 young (10240K), 2 survivors (2048K)
 Metaspace       used 35431K, committed 35968K, reserved 1114112K
  class space    used 4598K, committed 4864K, reserved 1048576K
}
Event: 18.456 GC heap after
{Heap after GC invocations=9 (full 0):
 garbage-first heap   total 55296K, used 19371K [0x00000000c2200000, 0x0000000100000000)
  region size 1024K, 3 young (3072K), 3 survivors (3072K)
 Metaspace       used 35431K, committed 35968K, reserved 1114112K
  class space    used 4598K, committed 4864K, reserved 1048576K
}
Event: 21.627 GC heap before
{Heap before GC invocations=10 (full 0):
 garbage-first heap   total 55296K, used 44971K [0x00000000c2200000, 0x0000000100000000)
  region size 1024K, 29 young (29696K), 3 survivors (3072K)
 Metaspace       used 43080K, committed 43712K, reserved 1114112K
  class space    used 5559K, committed 5824K, reserved 1048576K
}
Event: 21.645 GC heap after
{Heap after GC invocations=11 (full 0):
 garbage-first heap   total 55296K, used 21305K [0x00000000c2200000, 0x0000000100000000)
  region size 1024K, 3 young (3072K), 3 survivors (3072K)
 Metaspace       used 43080K, committed 43712K, reserved 1114112K
  class space    used 5559K, committed 5824K, reserved 1048576K
}
Event: 27.456 GC heap before
{Heap before GC invocations=11 (full 0):
 garbage-first heap   total 55296K, used 45881K [0x00000000c2200000, 0x0000000100000000)
  region size 1024K, 28 young (28672K), 3 survivors (3072K)
 Metaspace       used 50611K, committed 51200K, reserved 1114112K
  class space    used 6785K, committed 7040K, reserved 1048576K
}
Event: 27.481 GC heap after
{Heap after GC invocations=12 (full 0):
 garbage-first heap   total 55296K, used 22592K [0x00000000c2200000, 0x0000000100000000)
  region size 1024K, 4 young (4096K), 4 survivors (4096K)
 Metaspace       used 50611K, committed 51200K, reserved 1114112K
  class space    used 6785K, committed 7040K, reserved 1048576K
}

