# JRE version: OpenJDK Runtime Environment (21.0.1+12) (build 21.0.1+12-29)
# Java VM: OpenJDK 64-Bit Server VM (21.0.1+12-29, mixed mode, sharing, tiered, compressed oops, compressed class ptrs, g1 gc, windows-amd64)
GC Precious Log:
 CardTable entry size: 512
 Card Set container configuration: InlinePtr #cards 5 size 8 Array Of Cards #cards 12 size 40 Howl #buckets 4 coarsen threshold 1843 Howl Bitmap #cards 512 size 80 coarsen threshold 460 Card regions per heap region 1 cards per card region 2048
 CPUs: 4 total, 4 available
 Memory: 3959M
 Large Page Support: Disabled
 NUMA Support: Disabled
 Compressed Oops: Enabled (32-bit)
 Heap Region Size: 1M
 Heap Min Capacity: 8M
 Heap Initial Capacity: 62M
 Heap Max Capacity: 990M
 Pre-touch: Disabled
 Parallel Workers: 4
 Concurrent Workers: 1
 Concurrent Refinement Workers: 4
 Periodic GC: Disabled
Heap:
 garbage-first heap   total 55296K, used 33739K [0x00000000c2200000, 0x0000000100000000)
  region size 1024K, 17 young (17408K), 3 survivors (3072K)
 Metaspace       used 48203K, committed 48832K, reserved 1114112K
  class space    used 6328K, committed 6592K, reserved 1048576K
GC Heap History (18 events):
Event: 11.226 GC heap before
{Heap before GC invocations=0 (full 0):
 garbage-first heap   total 63488K, used 13312K [0x00000000c2200000, 0x0000000100000000)
  region size 1024K, 13 young (13312K), 0 survivors (0K)
 Metaspace       used 3299K, committed 3456K, reserved 1114112K
  class space    used 305K, committed 384K, reserved 1048576K
}
Event: 11.238 GC heap after
{Heap after GC invocations=1 (full 0):
 garbage-first heap   total 63488K, used 7008K [0x00000000c2200000, 0x0000000100000000)
  region size 1024K, 2 young (2048K), 2 survivors (2048K)
 Metaspace       used 3299K, committed 3456K, reserved 1114112K
  class space    used 305K, committed 384K, reserved 1048576K
}
Event: 12.514 GC heap before
{Heap before GC invocations=1 (full 0):
 garbage-first heap   total 63488K, used 18272K [0x00000000c2200000, 0x0000000100000000)
  region size 1024K, 13 young (13312K), 2 survivors (2048K)
 Metaspace       used 6861K, committed 7104K, reserved 1114112K
  class space    used 774K, committed 896K, reserved 1048576K
}
Event: 12.523 GC heap after
{Heap after GC invocations=2 (full 0):
 garbage-first heap   total 63488K, used 8168K [0x00000000c2200000, 0x0000000100000000)
  region size 1024K, 2 young (2048K), 2 survivors (2048K)
 Metaspace       used 6861K, committed 7104K, reserved 1114112K
  class space    used 774K, committed 896K, reserved 1048576K
}
Event: 14.144 GC heap before
{Heap before GC invocations=2 (full 0):
 garbage-first heap   total 63488K, used 30696K [0x00000000c2200000, 0x0000000100000000)
  region size 1024K, 25 young (25600K), 2 survivors (2048K)
 Metaspace       used 13305K, committed 13632K, reserved 1114112K
  class space    used 1552K, committed 1728K, reserved 1048576K
}
Event: 14.154 GC heap after
{Heap after GC invocations=3 (full 0):
 garbage-first heap   total 63488K, used 10125K [0x00000000c2200000, 0x0000000100000000)
  region size 1024K, 3 young (3072K), 3 survivors (3072K)
 Metaspace       used 13305K, committed 13632K, reserved 1114112K
  class space    used 1552K, committed 1728K, reserved 1048576K
}
Event: 16.978 GC heap before
{Heap before GC invocations=3 (full 0):
 garbage-first heap   total 63488K, used 43917K [0x00000000c2200000, 0x0000000100000000)
  region size 1024K, 36 young (36864K), 3 survivors (3072K)
 Metaspace       used 19236K, committed 19520K, reserved 1114112K
  class space    used 2289K, committed 2432K, reserved 1048576K
}
Event: 16.993 GC heap after
{Heap after GC invocations=4 (full 0):
 garbage-first heap   total 63488K, used 13312K [0x00000000c2200000, 0x0000000100000000)
  region size 1024K, 5 young (5120K), 5 survivors (5120K)
 Metaspace       used 19236K, committed 19520K, reserved 1114112K
  class space    used 2289K, committed 2432K, reserved 1048576K
}
Event: 18.494 GC heap before
{Heap before GC invocations=4 (full 0):
 garbage-first heap   total 63488K, used 27648K [0x00000000c2200000, 0x0000000100000000)
  region size 1024K, 20 young (20480K), 5 survivors (5120K)
 Metaspace       used 21207K, committed 21504K, reserved 1114112K
  class space    used 2533K, committed 2688K, reserved 1048576K
}
Event: 18.514 GC heap after
{Heap after GC invocations=5 (full 0):
 garbage-first heap   total 63488K, used 14397K [0x00000000c2200000, 0x0000000100000000)
  region size 1024K, 2 young (2048K), 2 survivors (2048K)
 Metaspace       used 21207K, committed 21504K, reserved 1114112K
  class space    used 2533K, committed 2688K, reserved 1048576K
}
Event: 21.875 GC heap before
{Heap before GC invocations=6 (full 0):
 garbage-first heap   total 55296K, used 45117K [0x00000000c2200000, 0x0000000100000000)
  region size 1024K, 32 young (32768K), 2 survivors (2048K)
 Metaspace       used 26883K, committed 27328K, reserved 1114112K
  class space    used 3388K, committed 3584K, reserved 1048576K
}
Event: 21.892 GC heap after
{Heap after GC invocations=7 (full 0):
 garbage-first heap   total 55296K, used 17390K [0x00000000c2200000, 0x0000000100000000)
  region size 1024K, 4 young (4096K), 4 survivors (4096K)
 Metaspace       used 26883K, committed 27328K, reserved 1114112K
  class space    used 3388K, committed 3584K, reserved 1048576K
}
Event: 24.445 GC heap before
{Heap before GC invocations=7 (full 0):
 garbage-first heap   total 55296K, used 44014K [0x00000000c2200000, 0x0000000100000000)
  region size 1024K, 30 young (30720K), 4 survivors (4096K)
 Metaspace       used 32988K, committed 33536K, reserved 1114112K
  class space    used 4166K, committed 4416K, reserved 1048576K
}
Event: 24.459 GC heap after
{Heap after GC invocations=8 (full 0):
 garbage-first heap   total 55296K, used 19013K [0x00000000c2200000, 0x0000000100000000)
  region size 1024K, 2 young (2048K), 2 survivors (2048K)
 Metaspace       used 32988K, committed 33536K, reserved 1114112K
  class space    used 4166K, committed 4416K, reserved 1048576K
}
Event: 25.427 GC heap before
{Heap before GC invocations=8 (full 0):
 garbage-first heap   total 55296K, used 27205K [0x00000000c2200000, 0x0000000100000000)
  region size 1024K, 11 young (11264K), 2 survivors (2048K)
 Metaspace       used 35463K, committed 35968K, reserved 1114112K
  class space    used 4600K, committed 4864K, reserved 1048576K
}
Event: 25.432 GC heap after
{Heap after GC invocations=9 (full 0):
 garbage-first heap   total 55296K, used 19340K [0x00000000c2200000, 0x0000000100000000)
  region size 1024K, 3 young (3072K), 3 survivors (3072K)
 Metaspace       used 35463K, committed 35968K, reserved 1114112K
  class space    used 4600K, committed 4864K, reserved 1048576K
}
Event: 30.277 GC heap before
{Heap before GC invocations=10 (full 0):
 garbage-first heap   total 55296K, used 44940K [0x00000000c2200000, 0x0000000100000000)
  region size 1024K, 29 young (29696K), 3 survivors (3072K)
 Metaspace       used 43321K, committed 43904K, reserved 1114112K
  class space    used 5580K, committed 5824K, reserved 1048576K
}
Event: 30.286 GC heap after
{Heap after GC invocations=11 (full 0):
 garbage-first heap   total 55296K, used 21451K [0x00000000c2200000, 0x0000000100000000)
  region size 1024K, 3 young (3072K), 3 survivors (3072K)
 Metaspace       used 43321K, committed 43904K, reserved 1114112K
  class space    used 5580K, committed 5824K, reserved 1048576K
}

